android_sample_java/QRCodeReaderSample/Zxing/build/outputs/logs/manifest-merger-debug-report.txt
-- Merging decision tree log ---
manifest
ADDED from src\main\AndroidManifest.xml:16:1-62:12
INJECTED from src\main\AndroidManifest.xml:16:1-62:12
INJECTED from src\main\AndroidManifest.xml:16:1-62:12
INJECTED from src\main\AndroidManifest.xml:16:1-62:12
INJECTED from src\main\AndroidManifest.xml:16:1-62:12
INJECTED from src\main\AndroidManifest.xml:16:1-62:12
INJECTED from src\main\AndroidManifest.xml:16:1-62:12
	package
		ADDED from src\main\AndroidManifest.xml:17:5-46
		INJECTED from src\main\AndroidManifest.xml
		INJECTED from src\main\AndroidManifest.xml
	android:versionName
		ADDED from src\main\AndroidManifest.xml:20:5-32
		INJECTED from src\main\AndroidManifest.xml
		INJECTED from src\main\AndroidManifest.xml
	xmlns:android
		ADDED from src\main\AndroidManifest.xml:16:11-69
	android:versionCode
		ADDED from src\main\AndroidManifest.xml:19:5-30
		INJECTED from src\main\AndroidManifest.xml
		INJECTED from src\main\AndroidManifest.xml
	android:installLocation
		ADDED from src\main\AndroidManifest.xml:18:5-35
uses-permission#android.permission.CAMERA
ADDED from src\main\AndroidManifest.xml:22:5-65
	android:name
		ADDED from src\main\AndroidManifest.xml:22:22-62
uses-permission#android.permission.VIBRATE
ADDED from src\main\AndroidManifest.xml:23:5-66
	android:name
		ADDED from src\main\AndroidManifest.xml:23:22-63
uses-permission#android.permission.FLASHLIGHT
ADDED from src\main\AndroidManifest.xml:24:5-69
	android:name
		ADDED from src\main\AndroidManifest.xml:24:22-66
uses-permission#android.permission.WRITE_EXTERNAL_STORAGE
ADDED from src\main\AndroidManifest.xml:25:5-81
	android:name
		ADDED from src\main\AndroidManifest.xml:25:22-78
uses-sdk
ADDED from src\main\AndroidManifest.xml:27:5-29:41
INJECTED from src\main\AndroidManifest.xml:27:5-29:41
INJECTED from src\main\AndroidManifest.xml:27:5-29:41
INJECTED from src\main\AndroidManifest.xml:27:5-29:41
INJECTED from src\main\AndroidManifest.xml:27:5-29:41
	android:targetSdkVersion
		ADDED from src\main\AndroidManifest.xml:29:9-38
		INJECTED from src\main\AndroidManifest.xml
		INJECTED from src\main\AndroidManifest.xml
	android:minSdkVersion
		ADDED from src\main\AndroidManifest.xml:28:9-35
		INJECTED from src\main\AndroidManifest.xml
		INJECTED from src\main\AndroidManifest.xml
uses-feature#android.hardware.camera.any
ADDED from src\main\AndroidManifest.xml:31:5-64
	android:name
		ADDED from src\main\AndroidManifest.xml:31:19-61
uses-feature#android.hardware.camera.autofocus
ADDED from src\main\AndroidManifest.xml:32:5-34:36
	android:required
		ADDED from src\main\AndroidManifest.xml:34:9-33
	android:name
		ADDED from src\main\AndroidManifest.xml:33:9-57
uses-feature#android.hardware.camera.flash
ADDED from src\main\AndroidManifest.xml:35:5-37:36
	android:required
		ADDED from src\main\AndroidManifest.xml:37:9-33
	android:name
		ADDED from src\main\AndroidManifest.xml:36:9-53
application
ADDED from src\main\AndroidManifest.xml:39:5-60:19
	android:allowBackup
		ADDED from src\main\AndroidManifest.xml:40:9-35
activity#com.google.zxing.client.android.PreferencesActivity
ADDED from src\main\AndroidManifest.xml:56:9-59:45
	android:stateNotNeeded
		ADDED from src\main\AndroidManifest.xml:59:13-42
	android:label
		ADDED from src\main\AndroidManifest.xml:58:13-53
	android:name
		ADDED from src\main\AndroidManifest.xml:57:13-48